c:\users\petra\documents\visual studio 2015\projects\backgroundapparm\opencvexample\arm\debug\opencvexample.pch
c:\users\petra\documents\visual studio 2015\projects\backgroundapparm\opencvexample\arm\debug\vc140.pdb
c:\users\petra\documents\visual studio 2015\projects\backgroundapparm\opencvexample\arm\debug\pch.obj
c:\users\petra\documents\visual studio 2015\projects\backgroundapparm\opencvexample\arm\debug\app.xaml.obj
c:\users\petra\documents\visual studio 2015\projects\backgroundapparm\opencvexample\arm\debug\xamltypeinfo.impl.g.obj
c:\users\petra\documents\visual studio 2015\projects\backgroundapparm\opencvexample\arm\debug\mainpage.xaml.obj
c:\users\petra\documents\visual studio 2015\projects\backgroundapparm\opencvexample\arm\debug\opencvexample.vcxprojresolveassemblyreference.cache
c:\users\petra\documents\visual studio 2015\projects\backgroundapparm\opencvexample\arm\debug\xamlsavestatefile.xml
c:\users\petra\documents\visual studio 2015\projects\backgroundapparm\opencvexample\arm\debug\opencvexample.tlog\cl.command.1.tlog
c:\users\petra\documents\visual studio 2015\projects\backgroundapparm\opencvexample\arm\debug\opencvexample.tlog\cl.read.1.tlog
c:\users\petra\documents\visual studio 2015\projects\backgroundapparm\opencvexample\arm\debug\opencvexample.tlog\cl.write.1.tlog
c:\users\petra\documents\visual studio 2015\projects\backgroundapparm\opencvexample\arm\debug\opencvexample.tlog\link.command.1.tlog
c:\users\petra\documents\visual studio 2015\projects\backgroundapparm\opencvexample\arm\debug\opencvexample.tlog\link.read.1.tlog
c:\users\petra\documents\visual studio 2015\projects\backgroundapparm\opencvexample\generated files\app.g.h
c:\users\petra\documents\visual studio 2015\projects\backgroundapparm\opencvexample\generated files\mainpage.g.h
c:\users\petra\documents\visual studio 2015\projects\backgroundapparm\opencvexample\generated files\xamlbindinginfo.g.h
c:\users\petra\documents\visual studio 2015\projects\backgroundapparm\opencvexample\generated files\xamltypeinfo.g.h
c:\users\petra\documents\visual studio 2015\projects\backgroundapparm\opencvexample\generated files\xamllibmetadataprovider.g.cpp
c:\users\petra\documents\visual studio 2015\projects\backgroundapparm\opencvexample\generated files\xamltypeinfo.g.cpp
c:\users\petra\documents\visual studio 2015\projects\backgroundapparm\opencvexample\generated files\xamltypeinfo.impl.g.cpp
c:\users\petra\documents\visual studio 2015\projects\backgroundapparm\opencvexample\generated files\app.xaml
c:\users\petra\documents\visual studio 2015\projects\backgroundapparm\opencvexample\generated files\mainpage.xaml
